<?xml version="1.0" encoding="UTF-8"?>
<!-- Generated by org.testng.reporters.JUnitXMLReporter -->
<testsuite hostname="tillt04420.timesgroup.com" ignored="0" name="HomeTest" tests="4" failures="1" timestamp="25 Apr 2019 05:07:05 GMT" time="16.775" errors="0">
  <testcase name="homeSectionsTest" time="0.056" classname="tests.TestHomePreLogin"/>
  <testcase name="pvtcardTest" time="0.028" classname="tests.TestHomePreLogin"/>
  <testcase name="referCard" time="0.028" classname="tests.TestHomePreLogin"/>
  <testcase name="signInTest" time="0.347" classname="tests.TestSignIn">
    <failure type="org.openqa.selenium.NoSuchElementException" message="Unable to locate element: //body[@class=&amp;apos;fontLoaded&amp;apos;]/div[@role=&amp;apos;dialog&amp;apos;]/div[@role=&amp;apos;document&amp;apos;]/div//section[@class=&amp;apos;login-section&amp;apos;]//section[@class=&amp;apos;login-section-left-content&amp;apos;]/form//input[@value=&amp;apos;&amp;apos;]
For documentation on this error, please visit: http://seleniumhq.org/exceptions/no_such_element.html
Build info: version: &amp;apos;3.13.0&amp;apos;, revision: &amp;apos;2f0d292&amp;apos;, time: &amp;apos;2018-06-25T15:24:21.231Z&amp;apos;
System info: host: &amp;apos;tillt04420.timesgroup.com&amp;apos;, ip: &amp;apos;fe80:0:0:0:1465:ea17:f3d6:aec5%en0&amp;apos;, os.name: &amp;apos;Mac OS X&amp;apos;, os.arch: &amp;apos;x86_64&amp;apos;, os.version: &amp;apos;10.14.4&amp;apos;, java.version: &amp;apos;1.8.0_111&amp;apos;
Driver info: org.openqa.selenium.firefox.FirefoxDriver
Capabilities {acceptInsecureCerts: true, browserName: firefox, browserVersion: 66.0.3, javascriptEnabled: true, moz:accessibilityChecks: false, moz:geckodriverVersion: 0.24.0, moz:headless: false, moz:processID: 2199, moz:profile: /var/folders/xh/4mkwtbw1327..., moz:shutdownTimeout: 60000, moz:useNonSpecCompliantPointerOrigin: false, moz:webdriverClick: true, pageLoadStrategy: normal, platform: MAC, platformName: MAC, platformVersion: 18.5.0, rotatable: false, setWindowRect: true, strictFileInteractability: false, timeouts: {implicit: 0, pageLoad: 300000, script: 30000}, unhandledPromptBehavior: dismiss and notify}
Session ID: ba978417-8df9-d64b-8e54-6d91a7782347
*** Element info: {Using=xpath, value=//body[@class=&amp;apos;fontLoaded&amp;apos;]/div[@role=&amp;apos;dialog&amp;apos;]/div[@role=&amp;apos;document&amp;apos;]/div//section[@class=&amp;apos;login-section&amp;apos;]//section[@class=&amp;apos;login-section-left-content&amp;apos;]/form//input[@value=&amp;apos;&amp;apos;]}">
      <![CDATA[org.openqa.selenium.NoSuchElementException: Unable to locate element: //body[@class='fontLoaded']/div[@role='dialog']/div[@role='document']/div//section[@class='login-section']//section[@class='login-section-left-content']/form//input[@value='']
For documentation on this error, please visit: http://seleniumhq.org/exceptions/no_such_element.html
Build info: version: '3.13.0', revision: '2f0d292', time: '2018-06-25T15:24:21.231Z'
System info: host: 'tillt04420.timesgroup.com', ip: 'fe80:0:0:0:1465:ea17:f3d6:aec5%en0', os.name: 'Mac OS X', os.arch: 'x86_64', os.version: '10.14.4', java.version: '1.8.0_111'
Driver info: org.openqa.selenium.firefox.FirefoxDriver
Capabilities {acceptInsecureCerts: true, browserName: firefox, browserVersion: 66.0.3, javascriptEnabled: true, moz:accessibilityChecks: false, moz:geckodriverVersion: 0.24.0, moz:headless: false, moz:processID: 2199, moz:profile: /var/folders/xh/4mkwtbw1327..., moz:shutdownTimeout: 60000, moz:useNonSpecCompliantPointerOrigin: false, moz:webdriverClick: true, pageLoadStrategy: normal, platform: MAC, platformName: MAC, platformVersion: 18.5.0, rotatable: false, setWindowRect: true, strictFileInteractability: false, timeouts: {implicit: 0, pageLoad: 300000, script: 30000}, unhandledPromptBehavior: dismiss and notify}
Session ID: ba978417-8df9-d64b-8e54-6d91a7782347
*** Element info: {Using=xpath, value=//body[@class='fontLoaded']/div[@role='dialog']/div[@role='document']/div//section[@class='login-section']//section[@class='login-section-left-content']/form//input[@value='']}
at org.openqa.selenium.remote.http.W3CHttpResponseCodec.createException(W3CHttpResponseCodec.java:187)
at org.openqa.selenium.remote.http.W3CHttpResponseCodec.decode(W3CHttpResponseCodec.java:122)
at org.openqa.selenium.remote.http.W3CHttpResponseCodec.decode(W3CHttpResponseCodec.java:49)
at org.openqa.selenium.remote.HttpCommandExecutor.execute(HttpCommandExecutor.java:158)
at org.openqa.selenium.remote.service.DriverCommandExecutor.execute(DriverCommandExecutor.java:83)
at org.openqa.selenium.remote.RemoteWebDriver.execute(RemoteWebDriver.java:548)
at org.openqa.selenium.remote.RemoteWebDriver.findElement(RemoteWebDriver.java:322)
at org.openqa.selenium.remote.RemoteWebDriver.findElementByXPath(RemoteWebDriver.java:424)
at org.openqa.selenium.By$ByXPath.findElement(By.java:353)
at org.openqa.selenium.remote.RemoteWebDriver.findElement(RemoteWebDriver.java:314)
at pages.SignInObjects.signIn(SignInObjects.java:24)
at tests.TestSignIn.signInTest(TestSignIn.java:30)
... Removed 29 stack frames]]>
    </failure>
  </testcase> <!-- signInTest -->
</testsuite> <!-- HomeTest -->
